[2021-09-28T11:27:10.227] [DEBUG] cheese - login => username:zs,password:123456
[2021-09-28T11:27:10.229] [DEBUG] cheese - zs
[2021-09-28T11:27:10.258] [DEBUG] cheese - null
[2021-09-28T11:27:10.258] [DEBUG] cheese - null
[2021-09-28T11:27:59.117] [DEBUG] cheese - login => username:admin,password:123456
[2021-09-28T11:27:59.118] [DEBUG] cheese - admin
[2021-09-28T11:27:59.124] [DEBUG] cheese - null
[2021-09-28T11:27:59.124] [DEBUG] cheese - null
[2021-09-28T17:45:56.489] [DEBUG] cheese - login => username:admin,password:123456
[2021-09-28T17:45:56.489] [DEBUG] cheese - admin
[2021-09-28T17:45:56.495] [DEBUG] cheese - null
[2021-09-28T17:45:56.495] [DEBUG] cheese - null
[2021-09-28T19:08:29.775] [DEBUG] cheese - login => username:admin,password:123456
[2021-09-28T19:08:29.775] [DEBUG] cheese - admin
[2021-09-28T19:08:29.779] [DEBUG] cheese - null
[2021-09-28T19:08:29.779] [DEBUG] cheese - null
[2021-09-29T15:42:10.335] [DEBUG] cheese - login => username:admin,password:123456
[2021-09-29T15:42:10.336] [DEBUG] cheese - admin
[2021-09-29T15:42:10.362] [DEBUG] cheese - null
[2021-09-29T15:42:10.362] [DEBUG] cheese - null
[2021-09-29T15:42:14.025] [DEBUG] cheese - login => username:admin,password:123456
[2021-09-29T15:42:14.026] [DEBUG] cheese - admin
[2021-09-29T15:42:14.028] [DEBUG] cheese - null
[2021-09-29T15:42:14.028] [DEBUG] cheese - null
[2021-09-29T15:42:17.787] [DEBUG] cheese - login => username:asd,password:123456
[2021-09-29T15:42:17.787] [DEBUG] cheese - asd
[2021-09-29T15:42:17.791] [DEBUG] cheese - null
[2021-09-29T15:42:17.791] [DEBUG] cheese - null
[2021-09-29T15:45:04.796] [DEBUG] cheese - login => username:admin,password:123456
[2021-09-29T15:45:04.796] [DEBUG] cheese - admin
[2021-09-29T15:45:04.801] [DEBUG] cheese - null
[2021-09-29T15:45:04.801] [DEBUG] cheese - null
[2021-09-29T15:46:26.249] [DEBUG] cheese - login => username:admin,password:123456
[2021-09-29T15:46:26.249] [DEBUG] cheese - admin
[2021-09-29T15:46:26.252] [DEBUG] cheese - null
[2021-09-29T15:46:26.252] [DEBUG] cheese - null
[2021-09-29T15:47:33.435] [DEBUG] cheese - login => username:admin,password:123456
[2021-09-29T15:47:33.435] [DEBUG] cheese - admin
[2021-09-29T15:47:33.438] [DEBUG] cheese - null
[2021-09-29T15:47:33.438] [DEBUG] cheese - null
[2021-09-29T15:47:37.352] [DEBUG] cheese - login => username:dfssd,password:123456
[2021-09-29T15:47:37.352] [DEBUG] cheese - dfssd
[2021-09-29T15:47:37.354] [DEBUG] cheese - null
[2021-09-29T15:47:37.354] [DEBUG] cheese - null
[2021-09-29T15:59:12.425] [DEBUG] cheese - login => username:admdfd,password:123456
[2021-09-29T15:59:12.425] [DEBUG] cheese - admdfd
[2021-09-29T15:59:12.428] [DEBUG] cheese - null
[2021-09-29T15:59:12.428] [DEBUG] cheese - null
[2021-09-29T15:59:13.497] [DEBUG] cheese - login => username:admdfd,password:123456
[2021-09-29T15:59:13.497] [DEBUG] cheese - admdfd
[2021-09-29T15:59:13.499] [DEBUG] cheese - null
[2021-09-29T15:59:13.499] [DEBUG] cheese - null
[2021-09-29T15:59:13.680] [DEBUG] cheese - login => username:admdfd,password:123456
[2021-09-29T15:59:13.681] [DEBUG] cheese - admdfd
[2021-09-29T15:59:13.682] [DEBUG] cheese - null
[2021-09-29T15:59:13.682] [DEBUG] cheese - null
[2021-09-29T15:59:14.074] [DEBUG] cheese - login => username:admdfd,password:123456
[2021-09-29T15:59:14.074] [DEBUG] cheese - admdfd
[2021-09-29T15:59:14.076] [DEBUG] cheese - null
[2021-09-29T15:59:14.076] [DEBUG] cheese - null
[2021-09-29T15:59:14.258] [DEBUG] cheese - login => username:admdfd,password:123456
[2021-09-29T15:59:14.258] [DEBUG] cheese - admdfd
[2021-09-29T15:59:14.260] [DEBUG] cheese - null
[2021-09-29T15:59:14.260] [DEBUG] cheese - null
[2021-09-29T15:59:14.432] [DEBUG] cheese - login => username:admdfd,password:123456
[2021-09-29T15:59:14.433] [DEBUG] cheese - admdfd
[2021-09-29T15:59:14.435] [DEBUG] cheese - null
[2021-09-29T15:59:14.435] [DEBUG] cheese - null
[2021-09-29T16:01:41.189] [DEBUG] cheese - login => username:admin,password:123456
[2021-09-29T16:01:41.189] [DEBUG] cheese - admin
[2021-09-29T16:01:41.191] [DEBUG] cheese - null
[2021-09-29T16:01:41.192] [DEBUG] cheese - null
[2021-09-29T16:01:42.561] [DEBUG] cheese - login => username:admin,password:123456
[2021-09-29T16:01:42.561] [DEBUG] cheese - admin
[2021-09-29T16:01:42.563] [DEBUG] cheese - null
[2021-09-29T16:01:42.563] [DEBUG] cheese - null
[2021-09-29T16:01:42.737] [DEBUG] cheese - login => username:admin,password:123456
[2021-09-29T16:01:42.737] [DEBUG] cheese - admin
[2021-09-29T16:01:42.739] [DEBUG] cheese - null
[2021-09-29T16:01:42.739] [DEBUG] cheese - null
[2021-09-29T16:01:42.914] [DEBUG] cheese - login => username:admin,password:123456
[2021-09-29T16:01:42.914] [DEBUG] cheese - admin
[2021-09-29T16:01:42.916] [DEBUG] cheese - null
[2021-09-29T16:01:42.916] [DEBUG] cheese - null
[2021-09-29T16:01:43.084] [DEBUG] cheese - login => username:admin,password:123456
[2021-09-29T16:01:43.084] [DEBUG] cheese - admin
[2021-09-29T16:01:43.087] [DEBUG] cheese - null
[2021-09-29T16:01:43.087] [DEBUG] cheese - null
[2021-09-29T16:02:47.789] [DEBUG] cheese - login => username:admin,password:123456
[2021-09-29T16:02:47.789] [DEBUG] cheese - admin
[2021-09-29T16:02:47.792] [DEBUG] cheese - null
[2021-09-29T16:02:47.792] [DEBUG] cheese - null
[2021-09-29T16:02:53.725] [DEBUG] cheese - login => username:admfgfghf,password:123456
[2021-09-29T16:02:53.725] [DEBUG] cheese - admfgfghf
[2021-09-29T16:02:53.728] [DEBUG] cheese - null
[2021-09-29T16:02:53.728] [DEBUG] cheese - null
[2021-09-29T16:02:54.625] [DEBUG] cheese - login => username:admfgfghf,password:123456
[2021-09-29T16:02:54.625] [DEBUG] cheese - admfgfghf
[2021-09-29T16:02:54.627] [DEBUG] cheese - null
[2021-09-29T16:02:54.627] [DEBUG] cheese - null
[2021-09-29T16:02:54.793] [DEBUG] cheese - login => username:admfgfghf,password:123456
[2021-09-29T16:02:54.793] [DEBUG] cheese - admfgfghf
[2021-09-29T16:02:54.795] [DEBUG] cheese - null
[2021-09-29T16:02:54.795] [DEBUG] cheese - null
[2021-09-29T16:02:54.955] [DEBUG] cheese - login => username:admfgfghf,password:123456
[2021-09-29T16:02:54.955] [DEBUG] cheese - admfgfghf
[2021-09-29T16:02:54.957] [DEBUG] cheese - null
[2021-09-29T16:02:54.957] [DEBUG] cheese - null
[2021-09-29T16:02:55.123] [DEBUG] cheese - login => username:admfgfghf,password:123456
[2021-09-29T16:02:55.123] [DEBUG] cheese - admfgfghf
[2021-09-29T16:02:55.125] [DEBUG] cheese - null
[2021-09-29T16:02:55.125] [DEBUG] cheese - null
[2021-09-29T16:02:55.274] [DEBUG] cheese - login => username:admfgfghf,password:123456
[2021-09-29T16:02:55.274] [DEBUG] cheese - admfgfghf
[2021-09-29T16:02:55.276] [DEBUG] cheese - null
[2021-09-29T16:02:55.276] [DEBUG] cheese - null
[2021-09-29T16:08:18.959] [DEBUG] cheese - login => username:admin,password:123456
[2021-09-29T16:08:18.959] [DEBUG] cheese - admin
[2021-09-29T16:08:18.965] [DEBUG] cheese - null
[2021-09-29T16:08:18.965] [DEBUG] cheese - null
[2021-09-29T16:09:50.875] [DEBUG] cheese - login => username:admin,password:123456
[2021-09-29T16:09:50.875] [DEBUG] cheese - admin
[2021-09-29T16:09:50.877] [DEBUG] cheese - null
[2021-09-29T16:09:50.877] [DEBUG] cheese - null
[2021-09-29T16:10:02.027] [DEBUG] cheese - login => username:admin,password:123456
[2021-09-29T16:10:02.027] [DEBUG] cheese - admin
[2021-09-29T16:10:02.029] [DEBUG] cheese - null
[2021-09-29T16:10:02.029] [DEBUG] cheese - null
[2021-09-29T16:22:12.928] [DEBUG] cheese - login => username:admfd,password:123456
[2021-09-29T16:22:12.928] [DEBUG] cheese - admfd
[2021-09-29T16:22:12.933] [DEBUG] cheese - null
[2021-09-29T16:22:12.933] [DEBUG] cheese - null
[2021-09-29T16:22:17.418] [DEBUG] cheese - login => username:admin,password:123456
[2021-09-29T16:22:17.418] [DEBUG] cheese - admin
[2021-09-29T16:22:17.421] [DEBUG] cheese - null
[2021-09-29T16:22:17.421] [DEBUG] cheese - null
[2021-09-29T16:29:39.424] [DEBUG] cheese - login => username:admin,password:123456
[2021-09-29T16:29:39.425] [DEBUG] cheese - admin
[2021-09-29T16:29:39.428] [DEBUG] cheese - null
[2021-09-29T16:29:39.428] [DEBUG] cheese - null
[2021-09-29T16:30:26.866] [DEBUG] cheese - login => username:admin,password:123456
[2021-09-29T16:30:26.866] [DEBUG] cheese - admin
[2021-09-29T16:30:26.868] [DEBUG] cheese - null
[2021-09-29T16:30:26.868] [DEBUG] cheese - null
[2021-09-29T16:53:30.168] [DEBUG] cheese - login => username:admin,password:123456
[2021-09-29T16:53:30.168] [DEBUG] cheese - admin
[2021-09-29T16:53:30.171] [DEBUG] cheese - null
[2021-09-29T16:53:30.172] [DEBUG] cheese - null
[2021-09-29T16:53:32.256] [DEBUG] cheese - login => username:admin,password:123456
[2021-09-29T16:53:32.256] [DEBUG] cheese - admin
[2021-09-29T16:53:32.258] [DEBUG] cheese - null
[2021-09-29T16:53:32.258] [DEBUG] cheese - null
[2021-09-29T16:54:29.837] [DEBUG] cheese - login => username:admin,password:123456
[2021-09-29T16:54:29.838] [DEBUG] cheese - admin
[2021-09-29T16:54:29.840] [DEBUG] cheese - null
[2021-09-29T16:54:29.840] [DEBUG] cheese - null
[2021-10-06T08:37:31.248] [DEBUG] cheese - login => username:admin,password:123456
[2021-10-06T08:37:31.253] [DEBUG] cheese - admin
[2021-10-06T08:37:31.289] [DEBUG] cheese - null
[2021-10-06T08:37:31.290] [DEBUG] cheese - null
[2021-10-06T08:47:29.009] [DEBUG] cheese - login => username:admin,password:123456
[2021-10-06T08:47:29.009] [DEBUG] cheese - admin
[2021-10-06T08:47:29.013] [DEBUG] cheese - null
[2021-10-06T08:47:29.013] [DEBUG] cheese - null
[2021-10-06T11:13:37.120] [DEBUG] cheese - login => username:admin,password:123456
[2021-10-06T11:13:37.121] [DEBUG] cheese - admin
[2021-10-06T11:13:37.127] [DEBUG] cheese - null
[2021-10-06T11:13:37.127] [DEBUG] cheese - null
[2021-10-06T11:28:08.869] [DEBUG] cheese - login => username:admin,password:123456
[2021-10-06T11:28:08.871] [DEBUG] cheese - admin
[2021-10-06T11:28:08.875] [DEBUG] cheese - null
[2021-10-06T11:28:08.875] [DEBUG] cheese - null
[2021-10-06T11:28:21.657] [DEBUG] cheese - login => username:admin,password:123456
[2021-10-06T11:28:21.657] [DEBUG] cheese - admin
[2021-10-06T11:28:21.662] [DEBUG] cheese - null
[2021-10-06T11:28:21.662] [DEBUG] cheese - null
[2021-10-06T11:37:16.592] [DEBUG] cheese - login => username:admin,password:123456
[2021-10-06T11:37:16.592] [DEBUG] cheese - admin
[2021-10-06T11:37:16.596] [DEBUG] cheese - null
[2021-10-06T11:37:16.596] [DEBUG] cheese - null
[2021-10-06T11:38:10.957] [DEBUG] cheese - login => username:admin,password:123456
[2021-10-06T11:38:10.958] [DEBUG] cheese - admin
[2021-10-06T11:38:10.959] [DEBUG] cheese - null
[2021-10-06T11:38:10.960] [DEBUG] cheese - null
[2021-10-08T10:02:11.869] [DEBUG] cheese - login => username:admin,password:123456
[2021-10-08T10:02:11.870] [DEBUG] cheese - admin
[2021-10-08T10:02:11.888] [DEBUG] cheese - null
[2021-10-08T10:02:11.889] [DEBUG] cheese - null
[2021-10-16T17:18:45.585] [DEBUG] cheese - login => username:admin,password:123456
[2021-10-16T17:18:45.586] [DEBUG] cheese - admin
[2021-10-16T17:18:45.671] [DEBUG] cheese - null
[2021-10-16T17:18:45.671] [DEBUG] cheese - null
[2021-10-20T16:54:03.662] [DEBUG] cheese - null
[2021-10-20T17:26:01.815] [DEBUG] cheese - login => username:admin,password:123456
[2021-10-20T17:26:01.815] [DEBUG] cheese - admin
[2021-10-20T17:26:01.820] [DEBUG] cheese - null
[2021-10-20T17:26:01.820] [DEBUG] cheese - null
[2021-10-21T10:36:29.125] [DEBUG] cheese - login => username:admin,password:123456
[2021-10-21T10:36:29.127] [DEBUG] cheese - admin
[2021-10-21T10:36:29.132] [DEBUG] cheese - null
[2021-10-21T10:36:29.133] [DEBUG] cheese - null
[2021-10-25T14:39:08.482] [DEBUG] cheese - login => username:admin,password:123456
[2021-10-25T14:39:08.485] [DEBUG] cheese - admin
[2021-10-25T14:39:08.503] [DEBUG] cheese - null
[2021-10-25T14:39:08.504] [DEBUG] cheese - null
[2021-10-26T16:10:58.566] [DEBUG] cheese - login => username:admin,password:123456
[2021-10-26T16:10:58.569] [DEBUG] cheese - admin
[2021-10-26T16:10:58.581] [DEBUG] cheese - null
[2021-10-26T16:10:58.582] [DEBUG] cheese - null
[2021-10-27T11:55:38.259] [DEBUG] cheese - null
[2021-10-28T14:51:13.257] [DEBUG] cheese - login => username:admin,password:123456
[2021-10-28T14:51:13.259] [DEBUG] cheese - admin
[2021-10-28T14:51:13.263] [DEBUG] cheese - null
[2021-10-28T14:51:13.263] [DEBUG] cheese - null
[2021-10-28T15:46:39.451] [DEBUG] cheese - login => username:admin,password:123456
[2021-10-28T15:46:39.451] [DEBUG] cheese - admin
[2021-10-28T15:46:39.453] [DEBUG] cheese - null
[2021-10-28T15:46:39.454] [DEBUG] cheese - null
[2021-10-28T15:51:00.779] [DEBUG] cheese - login => username:admin,password:123456
[2021-10-28T15:51:00.781] [DEBUG] cheese - admin
[2021-10-28T15:51:00.785] [DEBUG] cheese - null
[2021-10-28T15:51:00.786] [DEBUG] cheese - null
[2021-11-12T11:25:40.291] [DEBUG] cheese - login => username:aaaaaa,password:aaaaaaaa
[2021-11-12T11:25:40.293] [DEBUG] cheese - aaaaaa
[2021-11-12T11:25:40.353] [DEBUG] cheese - null
[2021-11-12T11:25:40.354] [DEBUG] cheese - null
[2021-11-12T11:28:45.779] [DEBUG] cheese - login => username:admin,password:123456
[2021-11-12T11:28:45.779] [DEBUG] cheese - admin
[2021-11-12T11:28:45.785] [DEBUG] cheese - null
[2021-11-12T11:28:45.785] [DEBUG] cheese - null
[2021-11-12T11:34:01.940] [DEBUG] cheese - login => username:admin,password:123456
[2021-11-12T11:34:01.940] [DEBUG] cheese - admin
[2021-11-12T11:34:01.942] [DEBUG] cheese - null
[2021-11-12T11:34:01.942] [DEBUG] cheese - null
[2021-11-12T11:34:16.743] [DEBUG] cheese - login => username:admin,password:123456
[2021-11-12T11:34:16.743] [DEBUG] cheese - admin
[2021-11-12T11:34:16.746] [DEBUG] cheese - null
[2021-11-12T11:34:16.746] [DEBUG] cheese - null
[2021-11-12T11:34:17.250] [DEBUG] cheese - login => username:admin,password:123456
[2021-11-12T11:34:17.250] [DEBUG] cheese - admin
[2021-11-12T11:34:17.253] [DEBUG] cheese - null
[2021-11-12T11:34:17.253] [DEBUG] cheese - null
[2021-11-12T11:34:17.853] [DEBUG] cheese - login => username:admin,password:123456
[2021-11-12T11:34:17.853] [DEBUG] cheese - admin
[2021-11-12T11:34:17.856] [DEBUG] cheese - null
[2021-11-12T11:34:17.856] [DEBUG] cheese - null
[2021-11-12T11:35:02.474] [DEBUG] cheese - login => username:admin,password:123456
[2021-11-12T11:35:02.475] [DEBUG] cheese - admin
[2021-11-12T11:35:02.477] [DEBUG] cheese - null
[2021-11-12T11:35:02.478] [DEBUG] cheese - null
[2021-11-12T11:43:35.528] [DEBUG] cheese - login => username:admin,password:123456
[2021-11-12T11:43:35.528] [DEBUG] cheese - admin
[2021-11-12T11:43:35.531] [DEBUG] cheese - null
[2021-11-12T11:43:35.531] [DEBUG] cheese - null
[2021-11-12T14:51:50.784] [DEBUG] cheese - login => username:admin,password:123456
[2021-11-12T14:51:50.786] [DEBUG] cheese - admin
[2021-11-12T14:51:50.810] [DEBUG] cheese - null
[2021-11-12T14:51:50.810] [DEBUG] cheese - null
[2021-11-12T15:15:49.625] [DEBUG] cheese - login => username:admin,password:123456
[2021-11-12T15:15:49.625] [DEBUG] cheese - admin
[2021-11-12T15:15:49.629] [DEBUG] cheese - null
[2021-11-12T15:15:49.629] [DEBUG] cheese - null
[2021-11-12T16:03:34.091] [DEBUG] cheese - login => username:admin,password:123456
[2021-11-12T16:03:34.091] [DEBUG] cheese - admin
[2021-11-12T16:03:34.095] [DEBUG] cheese - null
[2021-11-12T16:03:34.095] [DEBUG] cheese - null
[2021-11-12T16:04:18.952] [DEBUG] cheese - login => username:admin,password:123456
[2021-11-12T16:04:18.952] [DEBUG] cheese - admin
[2021-11-12T16:04:18.954] [DEBUG] cheese - null
[2021-11-12T16:04:18.954] [DEBUG] cheese - null
[2021-11-12T16:04:50.986] [DEBUG] cheese - login => username:admin,password:123456
[2021-11-12T16:04:50.986] [DEBUG] cheese - admin
[2021-11-12T16:04:50.988] [DEBUG] cheese - null
[2021-11-12T16:04:50.988] [DEBUG] cheese - null
[2021-11-12T16:04:54.630] [DEBUG] cheese - login => username:admin,password:123456
[2021-11-12T16:04:54.630] [DEBUG] cheese - admin
[2021-11-12T16:04:54.632] [DEBUG] cheese - null
[2021-11-12T16:04:54.632] [DEBUG] cheese - null
[2021-11-12T16:05:27.215] [DEBUG] cheese - login => username:admin,password:123456
[2021-11-12T16:05:27.215] [DEBUG] cheese - admin
[2021-11-12T16:05:27.218] [DEBUG] cheese - null
[2021-11-12T16:05:27.218] [DEBUG] cheese - null
[2021-11-12T16:06:10.551] [DEBUG] cheese - login => username:admin,password:123456
[2021-11-12T16:06:10.551] [DEBUG] cheese - admin
[2021-11-12T16:06:10.555] [DEBUG] cheese - null
[2021-11-12T16:06:10.555] [DEBUG] cheese - null
[2021-11-12T16:12:09.054] [DEBUG] cheese - login => username:admin,password:123456
[2021-11-12T16:12:09.054] [DEBUG] cheese - admin
[2021-11-12T16:12:09.057] [DEBUG] cheese - null
[2021-11-12T16:12:09.057] [DEBUG] cheese - null
[2021-11-12T16:13:31.978] [DEBUG] cheese - login => username:admin,password:123456
[2021-11-12T16:13:31.978] [DEBUG] cheese - admin
[2021-11-12T16:13:31.981] [DEBUG] cheese - null
[2021-11-12T16:13:31.981] [DEBUG] cheese - null
